have_header: checking for narray.h... -------------------- yes

"gcc -o conftest -I/Users/neilslater/.rvm/rubies/ruby-2.1.4/include/ruby-2.1.0/x86_64-darwin13.0 -I/Users/neilslater/.rvm/rubies/ruby-2.1.4/include/ruby-2.1.0/ruby/backward -I/Users/neilslater/.rvm/rubies/ruby-2.1.4/include/ruby-2.1.0 -I../../../../ext/factory_elf -I/Users/neilslater/.rvm/gems/ruby-2.1.4/extensions/x86_64-darwin-13/2.1.0-static/narray-0.6.0.9 -D_XOPEN_SOURCE -D_DARWIN_C_SOURCE -D_DARWIN_UNLIMITED_SELECT -D_REENTRANT   -O3 -I/Users/travis/.sm/pkg/active/include -fPIC -mmacosx-version-min=10.7 -pipe conftest.c  -L. -L/Users/neilslater/.rvm/rubies/ruby-2.1.4/lib -L/Users/neilslater/.rvm/gems/ruby-2.1.4/extensions/x86_64-darwin-13/2.1.0-static/narray-0.6.0.9 -L. -L/Users/travis/.sm/pkg/active/lib -fPIC -Bstatic -fstack-protector   -arch x86_64   -lruby-static -framework CoreFoundation  -lpthread -lgmp -ldl -lobjc "
ld: warning: directory not found for option '-L/Users/travis/.sm/pkg/active/lib'
checked program was:
/* begin */
1: #include "ruby.h"
2: 
3: int main(int argc, char **argv)
4: {
5:   return 0;
6: }
/* end */

"gcc -E -I/Users/neilslater/.rvm/rubies/ruby-2.1.4/include/ruby-2.1.0/x86_64-darwin13.0 -I/Users/neilslater/.rvm/rubies/ruby-2.1.4/include/ruby-2.1.0/ruby/backward -I/Users/neilslater/.rvm/rubies/ruby-2.1.4/include/ruby-2.1.0 -I../../../../ext/factory_elf -I/Users/neilslater/.rvm/gems/ruby-2.1.4/extensions/x86_64-darwin-13/2.1.0-static/narray-0.6.0.9 -D_XOPEN_SOURCE -D_DARWIN_C_SOURCE -D_DARWIN_UNLIMITED_SELECT -D_REENTRANT   -O3 -I/Users/travis/.sm/pkg/active/include -fPIC -mmacosx-version-min=10.7 -pipe  conftest.c -o conftest.i"
checked program was:
/* begin */
1: #include "ruby.h"
2: 
3: #include <narray.h>
/* end */

--------------------

have_header: checking for narray_config.h... -------------------- yes

"gcc -E -I/Users/neilslater/.rvm/rubies/ruby-2.1.4/include/ruby-2.1.0/x86_64-darwin13.0 -I/Users/neilslater/.rvm/rubies/ruby-2.1.4/include/ruby-2.1.0/ruby/backward -I/Users/neilslater/.rvm/rubies/ruby-2.1.4/include/ruby-2.1.0 -I../../../../ext/factory_elf -I/Users/neilslater/.rvm/gems/ruby-2.1.4/extensions/x86_64-darwin-13/2.1.0-static/narray-0.6.0.9 -D_XOPEN_SOURCE -D_DARWIN_C_SOURCE -D_DARWIN_UNLIMITED_SELECT -D_REENTRANT   -O3 -I/Users/travis/.sm/pkg/active/include -fPIC -mmacosx-version-min=10.7 -pipe  conftest.c -o conftest.i"
checked program was:
/* begin */
1: #include "ruby.h"
2: 
3: #include <narray_config.h>
/* end */

--------------------

